{
"contracts\\helloworld.sol":{"l":{"9":6,"13":1,"17":2},"path":"C:\\Users\\samsung\\Desktop\\BlockchainAndCripto\\smart-recycling-car-parts\\contracts\\helloworld.sol","s":{"1":6,"2":1,"3":2},"b":{},"f":{"1":6,"2":1,"3":2},"fnMap":{"1":{"name":"constructor","line":8,"loc":{"start":{"line":8,"column":4},"end":{"line":10,"column":4}}},"2":{"name":"changeName","line":12,"loc":{"start":{"line":12,"column":4},"end":{"line":14,"column":4}}},"3":{"name":"getName","line":16,"loc":{"start":{"line":16,"column":4},"end":{"line":18,"column":4}}}},"statementMap":{"1":{"start":{"line":9,"column":8},"end":{"line":9,"column":19}},"2":{"start":{"line":13,"column":8},"end":{"line":13,"column":19}},"3":{"start":{"line":17,"column":8},"end":{"line":17,"column":19}}},"branchMap":{}},
"contracts\\ownerToCompany.sol":{"l":{"10":6,"93":1,"97":2,"129":0,"130":0,"131":0,"132":0,"141":0,"142":0,"143":0,"144":0,"153":0,"154":0,"155":0,"156":0,"157":0,"158":0,"178":0,"179":0,"180":0,"183":0,"184":0,"185":0,"186":0,"187":0,"188":0,"189":0,"191":0,"193":0},"path":"C:\\Users\\samsung\\Desktop\\BlockchainAndCripto\\smart-recycling-car-parts\\contracts\\ownerToCompany.sol","s":{"1":6,"2":1,"3":2,"4":0,"5":0,"6":0,"7":0,"8":0,"9":0,"10":0,"11":0,"12":0,"13":0,"14":0,"15":0,"16":0,"17":0,"18":0,"19":0,"20":0,"21":0,"22":0,"23":0,"24":0,"25":0,"26":0,"27":0,"28":0},"b":{"1":[0,0]},"f":{"1":6,"2":1,"3":2,"4":0,"5":0,"6":0,"7":0},"fnMap":{"1":{"name":"constructor","line":9,"loc":{"start":{"line":9,"column":4},"end":{"line":11,"column":4}}},"2":{"name":"changeName","line":92,"loc":{"start":{"line":92,"column":4},"end":{"line":94,"column":4}}},"3":{"name":"getName","line":96,"loc":{"start":{"line":96,"column":4},"end":{"line":98,"column":4}}},"4":{"name":"setOwnerInfo","line":127,"loc":{"start":{"line":127,"column":4},"end":{"line":133,"column":4}}},"5":{"name":"setCompanyInfo","line":139,"loc":{"start":{"line":139,"column":4},"end":{"line":145,"column":4}}},"6":{"name":"setDate","line":151,"loc":{"start":{"line":151,"column":4},"end":{"line":159,"column":4}}},"7":{"name":"addSale","line":167,"loc":{"start":{"line":167,"column":4},"end":{"line":194,"column":4}}}},"statementMap":{"1":{"start":{"line":10,"column":8},"end":{"line":10,"column":19}},"2":{"start":{"line":93,"column":8},"end":{"line":93,"column":19}},"3":{"start":{"line":97,"column":8},"end":{"line":97,"column":19}},"4":{"start":{"line":129,"column":8},"end":{"line":129,"column":52}},"5":{"start":{"line":130,"column":8},"end":{"line":130,"column":21}},"6":{"start":{"line":131,"column":8},"end":{"line":131,"column":25}},"7":{"start":{"line":132,"column":8},"end":{"line":132,"column":37}},"8":{"start":{"line":141,"column":8},"end":{"line":141,"column":59}},"9":{"start":{"line":142,"column":8},"end":{"line":142,"column":23}},"10":{"start":{"line":143,"column":8},"end":{"line":143,"column":27}},"11":{"start":{"line":144,"column":8},"end":{"line":144,"column":41}},"12":{"start":{"line":153,"column":8},"end":{"line":153,"column":45}},"13":{"start":{"line":154,"column":8},"end":{"line":154,"column":21}},"14":{"start":{"line":155,"column":8},"end":{"line":155,"column":25}},"15":{"start":{"line":156,"column":8},"end":{"line":156,"column":23}},"16":{"start":{"line":157,"column":8},"end":{"line":157,"column":23}},"17":{"start":{"line":158,"column":8},"end":{"line":158,"column":27}},"18":{"start":{"line":178,"column":8},"end":{"line":178,"column":4487}},"19":{"start":{"line":179,"column":12},"end":{"line":179,"column":41}},"20":{"start":{"line":180,"column":12},"end":{"line":180,"column":91}},"21":{"start":{"line":183,"column":8},"end":{"line":183,"column":45}},"22":{"start":{"line":184,"column":8},"end":{"line":184,"column":39}},"23":{"start":{"line":185,"column":8},"end":{"line":185,"column":23}},"24":{"start":{"line":186,"column":8},"end":{"line":186,"column":43}},"25":{"start":{"line":187,"column":8},"end":{"line":187,"column":48}},"26":{"start":{"line":188,"column":8},"end":{"line":188,"column":39}},"27":{"start":{"line":189,"column":8},"end":{"line":189,"column":25}},"28":{"start":{"line":193,"column":8},"end":{"line":193,"column":54}}},"branchMap":{"1":{"line":178,"type":"if","locations":[{"start":{"line":178,"column":8},"end":{"line":178,"column":8}},{"start":{"line":178,"column":8},"end":{"line":178,"column":8}}]}}}}
