TN:
SF:C:\Users\samsung\Desktop\BlockchainAndCripto\smart-recycling-car-parts\contracts\helloworld.sol
FN:8,constructor
FN:12,changeName
FN:16,getName
FNF:3
FNH:3
FNDA:6,constructor
FNDA:1,changeName
FNDA:2,getName
DA:9,6
DA:13,1
DA:17,2
LF:3
LH:3
BRF:0
BRH:0
end_of_record
TN:
SF:C:\Users\samsung\Desktop\BlockchainAndCripto\smart-recycling-car-parts\contracts\ownerToCompany.sol
FN:9,constructor
FN:92,changeName
FN:96,getName
FN:127,setOwnerInfo
FN:139,setCompanyInfo
FN:151,setDate
FN:167,addSale
FNF:7
FNH:3
FNDA:6,constructor
FNDA:1,changeName
FNDA:2,getName
FNDA:0,setOwnerInfo
FNDA:0,setCompanyInfo
FNDA:0,setDate
FNDA:0,addSale
DA:10,6
DA:93,1
DA:97,2
DA:129,0
DA:130,0
DA:131,0
DA:132,0
DA:141,0
DA:142,0
DA:143,0
DA:144,0
DA:153,0
DA:154,0
DA:155,0
DA:156,0
DA:157,0
DA:158,0
DA:178,0
DA:179,0
DA:180,0
DA:183,0
DA:184,0
DA:185,0
DA:186,0
DA:187,0
DA:188,0
DA:189,0
DA:191,0
DA:193,0
LF:29
LH:3
BRDA:178,1,0,0
BRDA:178,1,1,0
BRF:2
BRH:0
end_of_record
